<?xml version="1.0" encoding="UTF-8"?>
<!-- Generated by org.testng.reporters.JUnitXMLReporter -->
<testsuite ignored="0" hostname="LAPTOP-OT4C3THT" failures="1" tests="1" name="Testng" time="18.341" errors="0" timestamp="2024-06-08T18:34:09 IST">
  <testcase classname="signin" name="login" time="16.688">
    <failure type="java.lang.AssertionError" message="expected [afcebook] but found [facebook]">
      <![CDATA[java.lang.AssertionError: expected [afcebook] but found [facebook]
at signin.login(signin.java:29)
at java.base/java.util.ArrayList.forEach(ArrayList.java:1511)
at com.intellij.rt.testng.IDEARemoteTestNG.run(IDEARemoteTestNG.java:66)
at com.intellij.rt.testng.RemoteTestNGStarter.main(RemoteTestNGStarter.java:105)
... Removed 30 stack frames]]>
    </failure>
  </testcase> <!-- login -->
</testsuite> <!-- Testng -->
