<?xml version="1.0" encoding="UTF-8"?>
<testng-results ignored="0" total="3" passed="3" failed="0" skipped="0">
  <reporter-output>
  </reporter-output>
  <suite started-at="2024-05-24T01:05:28 IST" name="Default Suite" finished-at="2024-05-24T01:05:38 IST" duration-ms="9990">
    <groups>
    </groups>
    <test started-at="2024-05-24T01:05:28 IST" name="Testng" finished-at="2024-05-24T01:05:38 IST" duration-ms="9990">
      <class name="facebooklogin">
        <test-method signature="login(java.lang.String,java.lang.String)[pri:0, instance:facebooklogin@3ad2e17]" started-at="2024-05-24T01:05:28 IST" name="login" data-provider="getdata" finished-at="2024-05-24T01:05:32 IST" duration-ms="4106" status="PASS">
          <params>
            <param index="0">
              <value>
                <![CDATA[7350164673]]>
              </value>
            </param>
            <param index="1">
              <value>
                <![CDATA[Mahbuhs@1995]]>
              </value>
            </param>
          </params>
          <reporter-output>
          </reporter-output>
        </test-method> <!-- login -->
        <test-method signature="login(java.lang.String,java.lang.String)[pri:0, instance:facebooklogin@3ad2e17]" started-at="2024-05-24T01:05:32 IST" name="login" data-provider="getdata" finished-at="2024-05-24T01:05:35 IST" duration-ms="2939" status="PASS">
          <params>
            <param index="0">
              <value>
                <![CDATA[9284689902]]>
              </value>
            </param>
            <param index="1">
              <value>
                <![CDATA[Shubham@1995]]>
              </value>
            </param>
          </params>
          <reporter-output>
          </reporter-output>
        </test-method> <!-- login -->
        <test-method signature="login(java.lang.String,java.lang.String)[pri:0, instance:facebooklogin@3ad2e17]" started-at="2024-05-24T01:05:35 IST" name="login" data-provider="getdata" finished-at="2024-05-24T01:05:38 IST" duration-ms="2838" status="PASS">
          <params>
            <param index="0">
              <value>
                <![CDATA[9823035489]]>
              </value>
            </param>
            <param index="1">
              <value>
                <![CDATA[Vaishali@1996]]>
              </value>
            </param>
          </params>
          <reporter-output>
          </reporter-output>
        </test-method> <!-- login -->
      </class> <!-- facebooklogin -->
    </test> <!-- Testng -->
  </suite> <!-- Default Suite -->
</testng-results>
